[2026-06-15 16:41:02] 起動 PID=13004  SCRIPT_PATH=c:\Users\k-nakamori\code\WC-daily-check\analyze.py
[2026-06-15 16:41:02] 監視開始
[2026-06-15 16:41:08] 新ドライブ確定: F:\  label='緑3F瓶充填'  一致=True
[2026-06-15 16:41:08] 昨日フォルダ: None
[2026-06-15 16:41:56] ドライブ抜去: F:\
[2026-06-15 16:42:05] 新ドライブ確定: F:\  label='緑3F瓶充填'  一致=True
[2026-06-15 16:42:05] 昨日フォルダ: None
[2026-06-15 16:42:53] ドライブ抜去: F:\
[2026-06-15 16:42:59] 新ドライブ確定: F:\  label='緑3F瓶充填'  一致=True
[2026-06-15 16:42:59] 昨日フォルダ: F:\RECORD\20260614
[2026-06-15 16:42:59] 起動コマンド: ['C:\\Users\\k-nakamori\\code\\WC-daily-check\\.venv\\Scripts\\pythonw.exe', 'c:\\Users\\k-nakamori\\code\\WC-daily-check\\analyze.py', 'F:\\RECORD\\20260614']
[2026-06-15 16:48:01] 起動 PID=14236  SCRIPT_PATH=C:\Users\k-nakamori\code\WC-daily-check\analyze.py
[2026-06-15 16:48:01] 監視開始
[2026-06-15 16:50:43] 新ドライブ確定: F:\  label='緑3F瓶充填'  一致=True
[2026-06-15 16:50:43] 昨日フォルダ: F:\RECORD\20260614
[2026-06-15 16:50:43] 起動コマンド: ['C:\\Users\\k-nakamori\\code\\WC-daily-check\\.venv\\Scripts\\pythonw.exe', 'C:\\Users\\k-nakamori\\code\\WC-daily-check\\analyze.py', 'F:\\RECORD\\20260614']
[2026-06-15 16:51:37] ドライブ抜去: F:\
[2026-06-15 17:02:33] 既に PID=14236 が起動中のため終了します
[2026-06-15 17:02:52] 既に PID=14236 が起動中のため終了します
[2026-06-15 17:03:37] 新ドライブ確定: F:\  label='緑3F瓶充填'  一致=True
[2026-06-15 17:03:37] 昨日フォルダ: F:\RECORD\20260614
[2026-06-15 17:03:37] 起動コマンド: ['C:\\Users\\k-nakamori\\code\\WC-daily-check\\.venv\\Scripts\\pythonw.exe', 'C:\\Users\\k-nakamori\\code\\WC-daily-check\\analyze.py', 'F:\\RECORD\\20260614']
[2026-06-15 17:09:13] 起動 PID=440  SCRIPT_PATH=C:\Users\k-nakamori\code\WC-daily-check\analyze.py
[2026-06-15 17:09:13] 監視開始
[2026-06-15 17:09:16] 新ドライブ確定: F:\  label='緑3F瓶充填'  一致=True
[2026-06-15 17:09:16] RECORDフォルダ: F:\RECORD
[2026-06-15 17:09:16] 起動コマンド: ['C:\\Users\\k-nakamori\\code\\WC-daily-check\\.venv\\Scripts\\pythonw.exe', 'C:\\Users\\k-nakamori\\code\\WC-daily-check\\analyze.py', '--browse', 'F:\\RECORD']
[2026-06-15 17:10:07] ドライブ抜去: F:\
[2026-06-16 08:21:05] 起動 PID=2908  SCRIPT_PATH=C:\Users\k-nakamori\code\WC-daily-check\analyze.py
[2026-06-16 08:21:05] 監視開始
[2026-06-16 11:55:27] ラベル未確定: E:\ → 次サイクルで再チェック
[2026-06-16 11:55:30] ラベル未確定: E:\ → 次サイクルで再チェック
[2026-06-16 11:55:33] ラベル未確定: E:\ → 次サイクルで再チェック
[2026-06-16 11:55:36] ラベル未確定: E:\ → 次サイクルで再チェック
[2026-06-16 11:55:39] ラベル未確定: E:\ → 次サイクルで再チェック
[2026-06-16 11:55:42] ラベル未確定: E:\ → 次サイクルで再チェック
[2026-06-16 11:55:45] ラベル未確定: E:\ → 次サイクルで再チェック
[2026-06-16 11:55:48] ラベル未確定: E:\ → 次サイクルで再チェック
[2026-06-16 11:55:51] ラベル未確定: E:\ → 次サイクルで再チェック
[2026-06-16 11:55:54] ラベル未確定: E:\ → 次サイクルで再チェック
[2026-06-16 11:55:57] ラベル未確定: E:\ → 次サイクルで再チェック
[2026-06-16 11:56:00] ラベル未確定: E:\ → 次サイクルで再チェック
[2026-06-16 11:56:03] ラベル未確定: E:\ → 次サイクルで再チェック
[2026-06-16 11:56:06] ラベル未確定: E:\ → 次サイクルで再チェック
[2026-06-16 11:56:09] ラベル未確定: E:\ → 次サイクルで再チェック
[2026-06-16 11:56:12] ラベル未確定: E:\ → 次サイクルで再チェック
[2026-06-16 11:56:15] ラベル未確定: E:\ → 次サイクルで再チェック
[2026-06-16 11:56:18] ラベル未確定: E:\ → 次サイクルで再チェック
[2026-06-16 11:56:21] ラベル未確定: E:\ → 次サイクルで再チェック
[2026-06-16 11:56:24] ラベル未確定: E:\ → 次サイクルで再チェック
[2026-06-16 11:56:27] ラベル未確定: E:\ → 次サイクルで再チェック
[2026-06-16 11:56:30] ラベル未確定: E:\ → 次サイクルで再チェック
[2026-06-16 11:56:33] ラベル未確定: E:\ → 次サイクルで再チェック
[2026-06-16 11:56:36] ラベル未確定: E:\ → 次サイクルで再チェック
[2026-06-16 11:56:39] ラベル未確定: E:\ → 次サイクルで再チェック
[2026-06-16 11:56:42] ラベル未確定: E:\ → 次サイクルで再チェック
[2026-06-16 11:56:45] ラベル未確定: E:\ → 次サイクルで再チェック
[2026-06-16 11:56:48] ラベル未確定: E:\ → 次サイクルで再チェック
[2026-06-16 11:56:51] ラベル未確定: E:\ → 次サイクルで再チェック
[2026-06-16 11:56:54] ラベル未確定: E:\ → 次サイクルで再チェック
[2026-06-16 11:56:57] ラベル未確定: E:\ → 次サイクルで再チェック
[2026-06-16 11:57:00] ラベル未確定: E:\ → 次サイクルで再チェック
[2026-06-16 11:57:03] ラベル未確定: E:\ → 次サイクルで再チェック
[2026-06-16 11:57:06] ラベル未確定: E:\ → 次サイクルで再チェック
[2026-06-16 11:57:09] ラベル未確定: E:\ → 次サイクルで再チェック
[2026-06-16 11:57:12] ラベル未確定: E:\ → 次サイクルで再チェック
[2026-06-16 11:57:15] ラベル未確定: E:\ → 次サイクルで再チェック
[2026-06-16 11:57:18] ラベル未確定: E:\ → 次サイクルで再チェック
[2026-06-16 11:57:21] ラベル未確定: E:\ → 次サイクルで再チェック
[2026-06-16 11:57:24] ラベル未確定: E:\ → 次サイクルで再チェック
[2026-06-16 11:57:27] ラベル未確定: E:\ → 次サイクルで再チェック
[2026-06-16 11:57:30] ラベル未確定: E:\ → 次サイクルで再チェック
[2026-06-16 11:57:33] ラベル未確定: E:\ → 次サイクルで再チェック
[2026-06-16 11:57:36] ラベル未確定: E:\ → 次サイクルで再チェック
[2026-06-16 11:57:39] ラベル未確定: E:\ → 次サイクルで再チェック
[2026-06-16 11:57:42] ラベル未確定: E:\ → 次サイクルで再チェック
[2026-06-16 11:57:45] ラベル未確定: E:\ → 次サイクルで再チェック
[2026-06-16 11:57:48] ラベル未確定: E:\ → 次サイクルで再チェック
[2026-06-16 11:57:51] ラベル未確定: E:\ → 次サイクルで再チェック
[2026-06-16 11:57:54] ラベル未確定: E:\ → 次サイクルで再チェック
[2026-06-16 11:57:57] ラベル未確定: E:\ → 次サイクルで再チェック
[2026-06-16 11:58:00] ラベル未確定: E:\ → 次サイクルで再チェック
[2026-06-16 11:58:03] ラベル未確定: E:\ → 次サイクルで再チェック
[2026-06-16 11:58:06] ラベル未確定: E:\ → 次サイクルで再チェック
[2026-06-16 11:58:10] ラベル未確定: E:\ → 次サイクルで再チェック
[2026-06-16 11:58:13] ラベル未確定: E:\ → 次サイクルで再チェック
[2026-06-16 11:58:16] ラベル未確定: E:\ → 次サイクルで再チェック
[2026-06-16 11:58:19] ラベル未確定: E:\ → 次サイクルで再チェック
[2026-06-16 11:58:22] ラベル未確定: E:\ → 次サイクルで再チェック
[2026-06-16 11:58:25] ラベル未確定: E:\ → 次サイクルで再チェック
[2026-06-16 11:58:28] ラベル未確定: E:\ → 次サイクルで再チェック
[2026-06-16 11:58:31] ラベル未確定: E:\ → 次サイクルで再チェック
[2026-06-16 11:58:34] ラベル未確定: E:\ → 次サイクルで再チェック
[2026-06-16 11:58:37] ラベル未確定: E:\ → 次サイクルで再チェック
[2026-06-16 11:58:40] ラベル未確定: E:\ → 次サイクルで再チェック
[2026-06-16 11:58:43] ラベル未確定: E:\ → 次サイクルで再チェック
[2026-06-16 11:58:46] ラベル未確定: E:\ → 次サイクルで再チェック
[2026-06-16 11:58:49] ラベル未確定: E:\ → 次サイクルで再チェック
[2026-06-16 11:58:52] ラベル未確定: E:\ → 次サイクルで再チェック
[2026-06-16 11:58:55] ラベル未確定: E:\ → 次サイクルで再チェック
[2026-06-16 11:58:58] ラベル未確定: E:\ → 次サイクルで再チェック
[2026-06-16 11:59:01] ラベル未確定: E:\ → 次サイクルで再チェック
[2026-06-16 11:59:04] ラベル未確定: E:\ → 次サイクルで再チェック
[2026-06-16 11:59:07] ラベル未確定: E:\ → 次サイクルで再チェック
[2026-06-16 11:59:10] ラベル未確定: E:\ → 次サイクルで再チェック
[2026-06-16 11:59:13] ラベル未確定: E:\ → 次サイクルで再チェック
[2026-06-16 11:59:16] ラベル未確定: E:\ → 次サイクルで再チェック
[2026-06-16 11:59:19] ラベル未確定: E:\ → 次サイクルで再チェック
[2026-06-16 11:59:22] ラベル未確定: E:\ → 次サイクルで再チェック
[2026-06-16 11:59:25] ラベル未確定: E:\ → 次サイクルで再チェック
[2026-06-16 11:59:28] ラベル未確定: E:\ → 次サイクルで再チェック
[2026-06-16 11:59:31] ラベル未確定: E:\ → 次サイクルで再チェック
[2026-06-16 11:59:34] ラベル未確定: E:\ → 次サイクルで再チェック
[2026-06-16 11:59:37] ラベル未確定: E:\ → 次サイクルで再チェック
[2026-06-16 11:59:40] ラベル未確定: E:\ → 次サイクルで再チェック
[2026-06-16 11:59:43] ラベル未確定: E:\ → 次サイクルで再チェック
[2026-06-16 11:59:46] ラベル未確定: E:\ → 次サイクルで再チェック
[2026-06-16 11:59:49] ラベル未確定: E:\ → 次サイクルで再チェック
[2026-06-16 11:59:52] ラベル未確定: E:\ → 次サイクルで再チェック
[2026-06-16 11:59:55] ラベル未確定: E:\ → 次サイクルで再チェック
[2026-06-16 11:59:58] ラベル未確定: E:\ → 次サイクルで再チェック
[2026-06-16 12:00:01] ラベル未確定: E:\ → 次サイクルで再チェック
[2026-06-16 12:00:04] ラベル未確定: E:\ → 次サイクルで再チェック
[2026-06-16 12:00:07] ラベル未確定: E:\ → 次サイクルで再チェック
[2026-06-16 12:00:10] ラベル未確定: E:\ → 次サイクルで再チェック
[2026-06-16 12:00:13] ラベル未確定: E:\ → 次サイクルで再チェック
[2026-06-16 12:00:16] ラベル未確定: E:\ → 次サイクルで再チェック
[2026-06-16 12:00:19] ラベル未確定: E:\ → 次サイクルで再チェック
[2026-06-16 12:00:22] ラベル未確定: E:\ → 次サイクルで再チェック
[2026-06-16 12:00:25] ラベル未確定: E:\ → 次サイクルで再チェック
[2026-06-16 12:00:28] ラベル未確定: E:\ → 次サイクルで再チェック
[2026-06-16 12:00:31] ラベル未確定: E:\ → 次サイクルで再チェック
[2026-06-16 12:00:34] ラベル未確定: E:\ → 次サイクルで再チェック
[2026-06-16 12:00:37] ラベル未確定: E:\ → 次サイクルで再チェック
[2026-06-16 12:00:40] ラベル未確定: E:\ → 次サイクルで再チェック
[2026-06-16 12:00:43] ラベル未確定: E:\ → 次サイクルで再チェック
[2026-06-16 12:00:46] ラベル未確定: E:\ → 次サイクルで再チェック
[2026-06-16 12:00:49] ラベル未確定: E:\ → 次サイクルで再チェック
[2026-06-16 12:00:52] ラベル未確定: E:\ → 次サイクルで再チェック
[2026-06-16 12:00:55] ラベル未確定: E:\ → 次サイクルで再チェック
[2026-06-16 12:00:58] ラベル未確定: E:\ → 次サイクルで再チェック
[2026-06-16 12:01:01] ラベル未確定: E:\ → 次サイクルで再チェック
[2026-06-16 12:01:04] ラベル未確定: E:\ → 次サイクルで再チェック
[2026-06-16 12:01:07] ラベル未確定: E:\ → 次サイクルで再チェック
[2026-06-16 12:01:10] ラベル未確定: E:\ → 次サイクルで再チェック
[2026-06-16 12:01:13] ラベル未確定: E:\ → 次サイクルで再チェック
[2026-06-16 12:01:16] ラベル未確定: E:\ → 次サイクルで再チェック
[2026-06-16 12:01:19] ラベル未確定: E:\ → 次サイクルで再チェック
[2026-06-16 12:01:22] ラベル未確定: E:\ → 次サイクルで再チェック
[2026-06-16 12:01:25] ラベル未確定: E:\ → 次サイクルで再チェック
[2026-06-16 12:01:28] ラベル未確定: E:\ → 次サイクルで再チェック
[2026-06-16 12:01:31] ラベル未確定: E:\ → 次サイクルで再チェック
[2026-06-16 12:01:34] ラベル未確定: E:\ → 次サイクルで再チェック
[2026-06-16 12:01:37] ラベル未確定: E:\ → 次サイクルで再チェック
[2026-06-16 12:01:40] ラベル未確定: E:\ → 次サイクルで再チェック
[2026-06-16 12:01:43] ラベル未確定: E:\ → 次サイクルで再チェック
[2026-06-16 12:01:46] ラベル未確定: E:\ → 次サイクルで再チェック
[2026-06-16 12:01:49] ラベル未確定: E:\ → 次サイクルで再チェック
[2026-06-16 12:01:52] ラベル未確定: E:\ → 次サイクルで再チェック
[2026-06-16 12:01:55] ラベル未確定: E:\ → 次サイクルで再チェック
[2026-06-16 12:01:58] ラベル未確定: E:\ → 次サイクルで再チェック
[2026-06-16 12:02:01] ラベル未確定: E:\ → 次サイクルで再チェック
[2026-06-16 12:02:04] ラベル未確定: E:\ → 次サイクルで再チェック
[2026-06-16 12:02:07] ラベル未確定: E:\ → 次サイクルで再チェック
[2026-06-16 12:02:10] ラベル未確定: E:\ → 次サイクルで再チェック
[2026-06-16 12:02:13] ラベル未確定: E:\ → 次サイクルで再チェック
[2026-06-16 12:02:16] ラベル未確定: E:\ → 次サイクルで再チェック
[2026-06-16 12:02:19] ラベル未確定: E:\ → 次サイクルで再チェック
[2026-06-16 12:02:22] ラベル未確定: E:\ → 次サイクルで再チェック
[2026-06-16 12:02:25] ラベル未確定: E:\ → 次サイクルで再チェック
[2026-06-16 12:02:28] ラベル未確定: E:\ → 次サイクルで再チェック
[2026-06-16 12:02:31] ラベル未確定: E:\ → 次サイクルで再チェック
[2026-06-16 12:02:34] ラベル未確定: E:\ → 次サイクルで再チェック
[2026-06-16 12:02:37] ラベル未確定: E:\ → 次サイクルで再チェック
[2026-06-16 12:02:40] ラベル未確定: E:\ → 次サイクルで再チェック
[2026-06-16 12:02:43] ラベル未確定: E:\ → 次サイクルで再チェック
[2026-06-16 12:02:46] ラベル未確定: E:\ → 次サイクルで再チェック
[2026-06-16 12:02:49] ラベル未確定: E:\ → 次サイクルで再チェック
[2026-06-16 12:02:52] ラベル未確定: E:\ → 次サイクルで再チェック
[2026-06-16 12:02:55] ラベル未確定: E:\ → 次サイクルで再チェック
[2026-06-16 12:02:58] ラベル未確定: E:\ → 次サイクルで再チェック
[2026-06-16 12:03:01] ラベル未確定: E:\ → 次サイクルで再チェック
[2026-06-16 12:03:04] ラベル未確定: E:\ → 次サイクルで再チェック
[2026-06-16 12:03:07] ラベル未確定: E:\ → 次サイクルで再チェック
[2026-06-16 12:03:10] ラベル未確定: E:\ → 次サイクルで再チェック
[2026-06-16 12:03:13] ラベル未確定: E:\ → 次サイクルで再チェック
[2026-06-16 12:03:16] ラベル未確定: E:\ → 次サイクルで再チェック
[2026-06-16 12:03:19] ラベル未確定: E:\ → 次サイクルで再チェック
[2026-06-16 12:03:22] ラベル未確定: E:\ → 次サイクルで再チェック
[2026-06-16 12:03:25] ラベル未確定: E:\ → 次サイクルで再チェック
[2026-06-16 12:03:28] ラベル未確定: E:\ → 次サイクルで再チェック
[2026-06-16 12:03:31] ラベル未確定: E:\ → 次サイクルで再チェック
[2026-06-16 12:03:34] ラベル未確定: E:\ → 次サイクルで再チェック
[2026-06-16 12:03:37] ラベル未確定: E:\ → 次サイクルで再チェック
[2026-06-16 12:03:40] ラベル未確定: E:\ → 次サイクルで再チェック
[2026-06-16 12:03:43] ラベル未確定: E:\ → 次サイクルで再チェック
[2026-06-16 12:03:46] ラベル未確定: E:\ → 次サイクルで再チェック
[2026-06-16 12:03:49] ラベル未確定: E:\ → 次サイクルで再チェック
[2026-06-16 12:03:52] ラベル未確定: E:\ → 次サイクルで再チェック
[2026-06-16 12:03:55] ラベル未確定: E:\ → 次サイクルで再チェック
[2026-06-16 12:03:58] ラベル未確定: E:\ → 次サイクルで再チェック
[2026-06-16 12:04:01] ラベル未確定: E:\ → 次サイクルで再チェック
[2026-06-16 12:04:04] ラベル未確定: E:\ → 次サイクルで再チェック
[2026-06-16 12:04:07] ラベル未確定: E:\ → 次サイクルで再チェック
[2026-06-16 12:04:10] ラベル未確定: E:\ → 次サイクルで再チェック
[2026-06-16 12:04:13] ラベル未確定: E:\ → 次サイクルで再チェック
[2026-06-16 12:04:16] ラベル未確定: E:\ → 次サイクルで再チェック
[2026-06-16 12:04:19] ラベル未確定: E:\ → 次サイクルで再チェック
[2026-06-16 12:04:22] ラベル未確定: E:\ → 次サイクルで再チェック
[2026-06-16 12:04:25] ラベル未確定: E:\ → 次サイクルで再チェック
[2026-06-16 12:04:28] ラベル未確定: E:\ → 次サイクルで再チェック
[2026-06-16 12:04:31] ラベル未確定: E:\ → 次サイクルで再チェック
[2026-06-16 12:04:34] ラベル未確定: E:\ → 次サイクルで再チェック
[2026-06-16 12:04:37] ラベル未確定: E:\ → 次サイクルで再チェック
[2026-06-16 12:04:40] ラベル未確定: E:\ → 次サイクルで再チェック
[2026-06-16 12:04:43] ラベル未確定: E:\ → 次サイクルで再チェック
[2026-06-16 12:04:46] ラベル未確定: E:\ → 次サイクルで再チェック
[2026-06-16 12:04:49] ラベル未確定: E:\ → 次サイクルで再チェック
[2026-06-16 12:04:52] ラベル未確定: E:\ → 次サイクルで再チェック
[2026-06-16 12:04:55] ラベル未確定: E:\ → 次サイクルで再チェック
[2026-06-16 12:04:58] ラベル未確定: E:\ → 次サイクルで再チェック
[2026-06-16 12:05:01] ラベル未確定: E:\ → 次サイクルで再チェック
[2026-06-16 12:05:04] ラベル未確定: E:\ → 次サイクルで再チェック
[2026-06-16 12:05:07] ラベル未確定: E:\ → 次サイクルで再チェック
[2026-06-16 12:05:10] ラベル未確定: E:\ → 次サイクルで再チェック
[2026-06-16 12:05:13] ラベル未確定: E:\ → 次サイクルで再チェック
[2026-06-16 12:05:16] ラベル未確定: E:\ → 次サイクルで再チェック
[2026-06-16 12:05:19] ラベル未確定: E:\ → 次サイクルで再チェック
[2026-06-16 12:05:22] ラベル未確定: E:\ → 次サイクルで再チェック
[2026-06-16 12:05:25] ラベル未確定: E:\ → 次サイクルで再チェック
[2026-06-16 12:05:28] ラベル未確定: E:\ → 次サイクルで再チェック
[2026-06-16 12:05:31] ラベル未確定: E:\ → 次サイクルで再チェック
[2026-06-16 12:05:34] ラベル未確定: E:\ → 次サイクルで再チェック
[2026-06-16 12:05:37] ラベル未確定: E:\ → 次サイクルで再チェック
[2026-06-16 12:05:40] ラベル未確定: E:\ → 次サイクルで再チェック
[2026-06-16 12:05:43] ラベル未確定: E:\ → 次サイクルで再チェック
[2026-06-16 12:11:27] ラベル未確定: E:\ → 次サイクルで再チェック
[2026-06-16 12:11:30] ラベル未確定: E:\ → 次サイクルで再チェック
[2026-06-16 12:11:33] ラベル未確定: E:\ → 次サイクルで再チェック
[2026-06-16 12:11:36] ラベル未確定: E:\ → 次サイクルで再チェック
[2026-06-16 12:11:39] ラベル未確定: E:\ → 次サイクルで再チェック
[2026-06-16 12:11:42] ラベル未確定: E:\ → 次サイクルで再チェック
[2026-06-16 12:11:45] ラベル未確定: E:\ → 次サイクルで再チェック
[2026-06-16 12:11:48] ラベル未確定: E:\ → 次サイクルで再チェック
[2026-06-16 12:11:51] ラベル未確定: E:\ → 次サイクルで再チェック
[2026-06-16 12:11:54] ラベル未確定: E:\ → 次サイクルで再チェック
[2026-06-16 12:11:57] ラベル未確定: E:\ → 次サイクルで再チェック
[2026-06-16 12:12:00] ラベル未確定: E:\ → 次サイクルで再チェック
[2026-06-16 12:12:03] ラベル未確定: E:\ → 次サイクルで再チェック
[2026-06-16 12:12:06] ラベル未確定: E:\ → 次サイクルで再チェック
[2026-06-16 12:12:09] ラベル未確定: E:\ → 次サイクルで再チェック
[2026-06-16 12:12:12] ラベル未確定: E:\ → 次サイクルで再チェック
[2026-06-16 12:12:15] ラベル未確定: E:\ → 次サイクルで再チェック
[2026-06-16 12:12:18] ラベル未確定: E:\ → 次サイクルで再チェック
[2026-06-16 12:12:21] ラベル未確定: E:\ → 次サイクルで再チェック
[2026-06-16 12:12:24] ラベル未確定: E:\ → 次サイクルで再チェック
[2026-06-16 12:12:27] ラベル未確定: E:\ → 次サイクルで再チェック
[2026-06-16 12:12:30] ラベル未確定: E:\ → 次サイクルで再チェック
[2026-06-16 12:12:33] ラベル未確定: E:\ → 次サイクルで再チェック
[2026-06-16 12:12:36] ラベル未確定: E:\ → 次サイクルで再チェック
[2026-06-16 12:12:39] ラベル未確定: E:\ → 次サイクルで再チェック
[2026-06-16 12:12:42] ラベル未確定: E:\ → 次サイクルで再チェック
[2026-06-16 12:12:45] ラベル未確定: E:\ → 次サイクルで再チェック
[2026-06-16 12:12:48] ラベル未確定: E:\ → 次サイクルで再チェック
[2026-06-16 12:12:51] ラベル未確定: E:\ → 次サイクルで再チェック
[2026-06-16 12:12:54] ラベル未確定: E:\ → 次サイクルで再チェック
[2026-06-16 12:12:57] ラベル未確定: E:\ → 次サイクルで再チェック
[2026-06-16 12:13:00] ラベル未確定: E:\ → 次サイクルで再チェック
[2026-06-16 12:13:03] ラベル未確定: E:\ → 次サイクルで再チェック
[2026-06-16 12:13:06] ラベル未確定: E:\ → 次サイクルで再チェック
[2026-06-16 12:13:09] ラベル未確定: E:\ → 次サイクルで再チェック
[2026-06-16 12:13:12] ラベル未確定: E:\ → 次サイクルで再チェック
[2026-06-16 12:13:15] ラベル未確定: E:\ → 次サイクルで再チェック
[2026-06-16 12:13:18] ラベル未確定: E:\ → 次サイクルで再チェック
[2026-06-16 12:13:21] ラベル未確定: E:\ → 次サイクルで再チェック
[2026-06-16 12:13:24] ラベル未確定: E:\ → 次サイクルで再チェック
[2026-06-16 12:13:27] ラベル未確定: E:\ → 次サイクルで再チェック
[2026-06-16 12:13:30] ラベル未確定: E:\ → 次サイクルで再チェック
[2026-06-16 12:13:33] ラベル未確定: E:\ → 次サイクルで再チェック
[2026-06-16 12:13:36] ラベル未確定: E:\ → 次サイクルで再チェック
[2026-06-16 12:13:39] ラベル未確定: E:\ → 次サイクルで再チェック
[2026-06-16 12:13:42] ラベル未確定: E:\ → 次サイクルで再チェック
[2026-06-16 12:13:45] ラベル未確定: E:\ → 次サイクルで再チェック
[2026-06-16 12:13:48] ラベル未確定: E:\ → 次サイクルで再チェック
[2026-06-16 12:13:51] ラベル未確定: E:\ → 次サイクルで再チェック
[2026-06-16 12:13:54] ラベル未確定: E:\ → 次サイクルで再チェック
[2026-06-16 12:13:57] ラベル未確定: E:\ → 次サイクルで再チェック
[2026-06-16 12:14:00] ラベル未確定: E:\ → 次サイクルで再チェック
[2026-06-16 12:14:03] ラベル未確定: E:\ → 次サイクルで再チェック
[2026-06-16 12:14:06] ラベル未確定: E:\ → 次サイクルで再チェック
[2026-06-16 12:14:09] ラベル未確定: E:\ → 次サイクルで再チェック
[2026-06-16 12:14:12] ラベル未確定: E:\ → 次サイクルで再チェック
[2026-06-16 12:14:15] ラベル未確定: E:\ → 次サイクルで再チェック
[2026-06-16 12:14:18] ラベル未確定: E:\ → 次サイクルで再チェック
[2026-06-16 12:14:21] ラベル未確定: E:\ → 次サイクルで再チェック
[2026-06-16 12:14:24] ラベル未確定: E:\ → 次サイクルで再チェック
[2026-06-16 12:14:27] ラベル未確定: E:\ → 次サイクルで再チェック
[2026-06-16 12:14:30] ラベル未確定: E:\ → 次サイクルで再チェック
[2026-06-16 12:14:33] ラベル未確定: E:\ → 次サイクルで再チェック
[2026-06-16 12:14:36] ラベル未確定: E:\ → 次サイクルで再チェック
[2026-06-16 12:14:39] ラベル未確定: E:\ → 次サイクルで再チェック
[2026-06-16 12:14:42] ラベル未確定: E:\ → 次サイクルで再チェック
[2026-06-16 12:14:45] ラベル未確定: E:\ → 次サイクルで再チェック
[2026-06-16 12:14:48] ラベル未確定: E:\ → 次サイクルで再チェック
[2026-06-16 12:14:51] ラベル未確定: E:\ → 次サイクルで再チェック
[2026-06-16 12:14:54] ラベル未確定: E:\ → 次サイクルで再チェック
[2026-06-16 12:14:57] ラベル未確定: E:\ → 次サイクルで再チェック
[2026-06-16 12:15:00] ラベル未確定: E:\ → 次サイクルで再チェック
[2026-06-16 12:15:03] ラベル未確定: E:\ → 次サイクルで再チェック
[2026-06-16 12:15:06] ラベル未確定: E:\ → 次サイクルで再チェック
[2026-06-16 12:15:09] ラベル未確定: E:\ → 次サイクルで再チェック
[2026-06-16 12:15:12] ラベル未確定: E:\ → 次サイクルで再チェック
[2026-06-16 12:15:15] ラベル未確定: E:\ → 次サイクルで再チェック
[2026-06-16 12:15:18] ラベル未確定: E:\ → 次サイクルで再チェック
[2026-06-16 12:15:21] ラベル未確定: E:\ → 次サイクルで再チェック
[2026-06-16 12:15:24] ラベル未確定: E:\ → 次サイクルで再チェック
[2026-06-16 12:15:27] ラベル未確定: E:\ → 次サイクルで再チェック
[2026-06-16 12:15:30] ラベル未確定: E:\ → 次サイクルで再チェック
[2026-06-16 12:15:33] ラベル未確定: E:\ → 次サイクルで再チェック
[2026-06-16 12:15:36] ラベル未確定: E:\ → 次サイクルで再チェック
[2026-06-16 12:15:39] ラベル未確定: E:\ → 次サイクルで再チェック
[2026-06-16 12:15:42] ラベル未確定: E:\ → 次サイクルで再チェック
[2026-06-16 12:15:45] ラベル未確定: E:\ → 次サイクルで再チェック
[2026-06-16 12:15:48] ラベル未確定: E:\ → 次サイクルで再チェック
[2026-06-16 12:15:51] ラベル未確定: E:\ → 次サイクルで再チェック
[2026-06-16 12:15:54] ラベル未確定: E:\ → 次サイクルで再チェック
[2026-06-16 12:15:57] ラベル未確定: E:\ → 次サイクルで再チェック
[2026-06-16 12:16:00] ラベル未確定: E:\ → 次サイクルで再チェック
[2026-06-16 12:16:03] ラベル未確定: E:\ → 次サイクルで再チェック
[2026-06-16 12:16:06] ラベル未確定: E:\ → 次サイクルで再チェック
[2026-06-16 12:16:09] ラベル未確定: E:\ → 次サイクルで再チェック
[2026-06-16 12:16:12] ラベル未確定: E:\ → 次サイクルで再チェック
[2026-06-16 12:16:15] ラベル未確定: E:\ → 次サイクルで再チェック
[2026-06-16 12:16:18] ラベル未確定: E:\ → 次サイクルで再チェック
[2026-06-16 12:16:21] ラベル未確定: E:\ → 次サイクルで再チェック
[2026-06-16 12:16:24] ラベル未確定: E:\ → 次サイクルで再チェック
[2026-06-16 12:16:27] ラベル未確定: E:\ → 次サイクルで再チェック
[2026-06-16 12:16:30] ラベル未確定: E:\ → 次サイクルで再チェック
[2026-06-16 12:16:33] ラベル未確定: E:\ → 次サイクルで再チェック
[2026-06-16 12:16:36] ラベル未確定: E:\ → 次サイクルで再チェック
[2026-06-16 12:16:39] ラベル未確定: E:\ → 次サイクルで再チェック
[2026-06-16 12:16:42] ラベル未確定: E:\ → 次サイクルで再チェック
[2026-06-16 12:16:45] ラベル未確定: E:\ → 次サイクルで再チェック
[2026-06-16 12:16:48] ラベル未確定: E:\ → 次サイクルで再チェック
[2026-06-16 12:16:51] ラベル未確定: E:\ → 次サイクルで再チェック
[2026-06-16 12:16:54] ラベル未確定: E:\ → 次サイクルで再チェック
[2026-06-16 12:16:57] ラベル未確定: E:\ → 次サイクルで再チェック
[2026-06-16 12:17:00] ラベル未確定: E:\ → 次サイクルで再チェック
[2026-06-16 12:17:03] ラベル未確定: E:\ → 次サイクルで再チェック
[2026-06-16 12:17:06] ラベル未確定: E:\ → 次サイクルで再チェック
[2026-06-16 12:17:09] ラベル未確定: E:\ → 次サイクルで再チェック
[2026-06-16 12:17:12] ラベル未確定: E:\ → 次サイクルで再チェック
[2026-06-16 12:17:15] ラベル未確定: E:\ → 次サイクルで再チェック
[2026-06-16 12:17:18] ラベル未確定: E:\ → 次サイクルで再チェック
[2026-06-16 12:17:21] ラベル未確定: E:\ → 次サイクルで再チェック
[2026-06-16 12:17:24] ラベル未確定: E:\ → 次サイクルで再チェック
[2026-06-16 12:17:27] ラベル未確定: E:\ → 次サイクルで再チェック
[2026-06-16 12:17:30] ラベル未確定: E:\ → 次サイクルで再チェック
[2026-06-16 12:17:33] ラベル未確定: E:\ → 次サイクルで再チェック
[2026-06-16 12:17:36] ラベル未確定: E:\ → 次サイクルで再チェック
[2026-06-16 12:17:39] ラベル未確定: E:\ → 次サイクルで再チェック
[2026-06-16 12:17:42] ラベル未確定: E:\ → 次サイクルで再チェック
[2026-06-16 12:17:45] ラベル未確定: E:\ → 次サイクルで再チェック
[2026-06-16 12:17:48] ラベル未確定: E:\ → 次サイクルで再チェック
[2026-06-16 12:17:51] ラベル未確定: E:\ → 次サイクルで再チェック
[2026-06-16 12:17:54] ラベル未確定: E:\ → 次サイクルで再チェック
[2026-06-16 12:17:57] ラベル未確定: E:\ → 次サイクルで再チェック
[2026-06-16 12:18:00] ラベル未確定: E:\ → 次サイクルで再チェック
[2026-06-16 12:18:03] ラベル未確定: E:\ → 次サイクルで再チェック
[2026-06-16 12:18:06] ラベル未確定: E:\ → 次サイクルで再チェック
[2026-06-16 12:18:09] ラベル未確定: E:\ → 次サイクルで再チェック
[2026-06-16 12:18:12] ラベル未確定: E:\ → 次サイクルで再チェック
[2026-06-16 12:18:15] ラベル未確定: E:\ → 次サイクルで再チェック
[2026-06-16 12:18:18] ラベル未確定: E:\ → 次サイクルで再チェック
[2026-06-16 12:18:21] ラベル未確定: E:\ → 次サイクルで再チェック
[2026-06-16 12:18:24] ラベル未確定: E:\ → 次サイクルで再チェック
[2026-06-16 12:18:27] ラベル未確定: E:\ → 次サイクルで再チェック
[2026-06-16 12:18:30] ラベル未確定: E:\ → 次サイクルで再チェック
[2026-06-16 12:18:33] ラベル未確定: E:\ → 次サイクルで再チェック
[2026-06-16 12:18:36] ラベル未確定: E:\ → 次サイクルで再チェック
[2026-06-16 12:18:39] ラベル未確定: E:\ → 次サイクルで再チェック
[2026-06-16 12:18:42] ラベル未確定: E:\ → 次サイクルで再チェック
[2026-06-16 12:18:45] ラベル未確定: E:\ → 次サイクルで再チェック
[2026-06-16 12:18:48] ラベル未確定: E:\ → 次サイクルで再チェック
[2026-06-16 12:18:51] ラベル未確定: E:\ → 次サイクルで再チェック
[2026-06-16 12:18:54] ラベル未確定: E:\ → 次サイクルで再チェック
[2026-06-16 12:18:57] ラベル未確定: E:\ → 次サイクルで再チェック
[2026-06-16 12:19:00] ラベル未確定: E:\ → 次サイクルで再チェック
[2026-06-16 12:19:03] ラベル未確定: E:\ → 次サイクルで再チェック
[2026-06-16 12:19:06] ラベル未確定: E:\ → 次サイクルで再チェック
[2026-06-16 12:19:09] ラベル未確定: E:\ → 次サイクルで再チェック
[2026-06-16 12:19:12] ラベル未確定: E:\ → 次サイクルで再チェック
[2026-06-16 12:19:15] ラベル未確定: E:\ → 次サイクルで再チェック
[2026-06-16 12:19:18] ラベル未確定: E:\ → 次サイクルで再チェック
[2026-06-16 12:19:21] ラベル未確定: E:\ → 次サイクルで再チェック
[2026-06-16 12:19:24] ラベル未確定: E:\ → 次サイクルで再チェック
[2026-06-16 12:19:27] ラベル未確定: E:\ → 次サイクルで再チェック
[2026-06-16 12:19:30] ラベル未確定: E:\ → 次サイクルで再チェック
[2026-06-16 12:19:33] ラベル未確定: E:\ → 次サイクルで再チェック
[2026-06-16 12:19:36] ラベル未確定: E:\ → 次サイクルで再チェック
[2026-06-16 12:19:39] ラベル未確定: E:\ → 次サイクルで再チェック
[2026-06-16 12:19:42] ラベル未確定: E:\ → 次サイクルで再チェック
[2026-06-16 12:19:45] ラベル未確定: E:\ → 次サイクルで再チェック
[2026-06-16 12:19:48] ラベル未確定: E:\ → 次サイクルで再チェック
[2026-06-16 12:19:51] ラベル未確定: E:\ → 次サイクルで再チェック
[2026-06-16 12:19:54] ラベル未確定: E:\ → 次サイクルで再チェック
[2026-06-16 12:19:57] ラベル未確定: E:\ → 次サイクルで再チェック
[2026-06-16 12:20:00] ラベル未確定: E:\ → 次サイクルで再チェック
[2026-06-16 12:20:03] ラベル未確定: E:\ → 次サイクルで再チェック
[2026-06-16 12:20:06] ラベル未確定: E:\ → 次サイクルで再チェック
[2026-06-16 12:20:09] ラベル未確定: E:\ → 次サイクルで再チェック
[2026-06-16 12:20:12] ラベル未確定: E:\ → 次サイクルで再チェック
[2026-06-16 12:20:15] ラベル未確定: E:\ → 次サイクルで再チェック
[2026-06-16 12:20:18] ラベル未確定: E:\ → 次サイクルで再チェック
[2026-06-16 12:20:21] ラベル未確定: E:\ → 次サイクルで再チェック
[2026-06-16 12:20:24] ラベル未確定: E:\ → 次サイクルで再チェック
[2026-06-16 12:20:27] ラベル未確定: E:\ → 次サイクルで再チェック
[2026-06-16 12:20:30] ラベル未確定: E:\ → 次サイクルで再チェック
[2026-06-16 12:20:33] ラベル未確定: E:\ → 次サイクルで再チェック
[2026-06-16 12:20:36] ラベル未確定: E:\ → 次サイクルで再チェック
[2026-06-16 12:20:39] ラベル未確定: E:\ → 次サイクルで再チェック
[2026-06-16 12:20:42] ラベル未確定: E:\ → 次サイクルで再チェック
[2026-06-16 12:20:45] ラベル未確定: E:\ → 次サイクルで再チェック
[2026-06-16 12:20:48] ラベル未確定: E:\ → 次サイクルで再チェック
[2026-06-16 12:20:51] ラベル未確定: E:\ → 次サイクルで再チェック
[2026-06-16 12:20:54] ラベル未確定: E:\ → 次サイクルで再チェック
[2026-06-16 12:20:57] ラベル未確定: E:\ → 次サイクルで再チェック
[2026-06-16 12:21:00] ラベル未確定: E:\ → 次サイクルで再チェック
[2026-06-16 12:21:03] ラベル未確定: E:\ → 次サイクルで再チェック
[2026-06-16 12:21:06] ラベル未確定: E:\ → 次サイクルで再チェック
[2026-06-16 12:21:09] ラベル未確定: E:\ → 次サイクルで再チェック
[2026-06-16 12:21:12] ラベル未確定: E:\ → 次サイクルで再チェック
[2026-06-16 12:21:15] ラベル未確定: E:\ → 次サイクルで再チェック
[2026-06-16 12:21:18] ラベル未確定: E:\ → 次サイクルで再チェック
[2026-06-16 12:21:21] ラベル未確定: E:\ → 次サイクルで再チェック
[2026-06-16 12:21:24] ラベル未確定: E:\ → 次サイクルで再チェック
[2026-06-16 12:21:27] ラベル未確定: E:\ → 次サイクルで再チェック
[2026-06-16 12:21:30] ラベル未確定: E:\ → 次サイクルで再チェック
[2026-06-16 12:21:33] ラベル未確定: E:\ → 次サイクルで再チェック
[2026-06-16 12:21:36] ラベル未確定: E:\ → 次サイクルで再チェック
[2026-06-16 12:21:39] ラベル未確定: E:\ → 次サイクルで再チェック
[2026-06-16 12:21:42] ラベル未確定: E:\ → 次サイクルで再チェック
[2026-06-16 12:21:45] ラベル未確定: E:\ → 次サイクルで再チェック
[2026-06-16 12:21:48] ラベル未確定: E:\ → 次サイクルで再チェック
[2026-06-16 12:21:51] ラベル未確定: E:\ → 次サイクルで再チェック
[2026-06-16 12:21:54] ラベル未確定: E:\ → 次サイクルで再チェック
[2026-06-16 12:21:57] ラベル未確定: E:\ → 次サイクルで再チェック
[2026-06-16 12:22:00] ラベル未確定: E:\ → 次サイクルで再チェック
[2026-06-16 12:22:03] ラベル未確定: E:\ → 次サイクルで再チェック
[2026-06-16 12:22:06] ラベル未確定: E:\ → 次サイクルで再チェック
[2026-06-16 12:22:09] ラベル未確定: E:\ → 次サイクルで再チェック
[2026-06-16 12:22:12] ラベル未確定: E:\ → 次サイクルで再チェック
[2026-06-16 12:22:15] ラベル未確定: E:\ → 次サイクルで再チェック
[2026-06-16 12:22:18] ラベル未確定: E:\ → 次サイクルで再チェック
[2026-06-16 12:22:21] ラベル未確定: E:\ → 次サイクルで再チェック
[2026-06-16 12:22:24] ラベル未確定: E:\ → 次サイクルで再チェック
[2026-06-16 12:22:27] ラベル未確定: E:\ → 次サイクルで再チェック
[2026-06-16 12:22:30] ラベル未確定: E:\ → 次サイクルで再チェック
[2026-06-16 12:22:33] ラベル未確定: E:\ → 次サイクルで再チェック
[2026-06-16 12:22:36] ラベル未確定: E:\ → 次サイクルで再チェック
[2026-06-16 12:22:39] ラベル未確定: E:\ → 次サイクルで再チェック
[2026-06-16 12:22:42] ラベル未確定: E:\ → 次サイクルで再チェック
[2026-06-16 12:22:45] ラベル未確定: E:\ → 次サイクルで再チェック
[2026-06-16 12:22:49] ラベル未確定: E:\ → 次サイクルで再チェック
[2026-06-16 12:22:52] ラベル未確定: E:\ → 次サイクルで再チェック
[2026-06-16 12:22:55] ラベル未確定: E:\ → 次サイクルで再チェック
[2026-06-16 12:22:58] ラベル未確定: E:\ → 次サイクルで再チェック
[2026-06-16 12:23:01] ラベル未確定: E:\ → 次サイクルで再チェック
[2026-06-16 12:23:04] ラベル未確定: E:\ → 次サイクルで再チェック
[2026-06-16 12:23:07] ラベル未確定: E:\ → 次サイクルで再チェック
[2026-06-16 12:23:10] ラベル未確定: E:\ → 次サイクルで再チェック
[2026-06-16 12:23:13] ラベル未確定: E:\ → 次サイクルで再チェック
[2026-06-16 12:23:16] ラベル未確定: E:\ → 次サイクルで再チェック
[2026-06-16 12:23:19] ラベル未確定: E:\ → 次サイクルで再チェック
[2026-06-16 12:23:22] ラベル未確定: E:\ → 次サイクルで再チェック
[2026-06-16 12:23:25] ラベル未確定: E:\ → 次サイクルで再チェック
[2026-06-16 12:23:28] ラベル未確定: E:\ → 次サイクルで再チェック
[2026-06-16 12:23:31] ラベル未確定: E:\ → 次サイクルで再チェック
[2026-06-16 12:23:34] ラベル未確定: E:\ → 次サイクルで再チェック
[2026-06-16 12:23:37] ラベル未確定: E:\ → 次サイクルで再チェック
[2026-06-16 12:23:40] ラベル未確定: E:\ → 次サイクルで再チェック
[2026-06-16 12:23:43] ラベル未確定: E:\ → 次サイクルで再チェック
[2026-06-16 12:25:38] ラベル未確定: E:\ → 次サイクルで再チェック
[2026-06-16 12:25:41] ラベル未確定: E:\ → 次サイクルで再チェック
[2026-06-16 13:09:40] ラベル未確定: E:\ → 次サイクルで再チェック
[2026-06-16 13:09:43] ラベル未確定: E:\ → 次サイクルで再チェック
[2026-06-16 13:09:46] ラベル未確定: E:\ → 次サイクルで再チェック
[2026-06-16 13:09:49] ラベル未確定: E:\ → 次サイクルで再チェック
[2026-06-16 13:09:52] ラベル未確定: E:\ → 次サイクルで再チェック
[2026-06-16 13:09:55] ラベル未確定: E:\ → 次サイクルで再チェック
[2026-06-16 13:09:58] ラベル未確定: E:\ → 次サイクルで再チェック
[2026-06-16 13:10:01] ラベル未確定: E:\ → 次サイクルで再チェック
[2026-06-16 13:10:04] ラベル未確定: E:\ → 次サイクルで再チェック
[2026-06-16 13:10:07] ラベル未確定: E:\ → 次サイクルで再チェック
[2026-06-16 13:10:10] ラベル未確定: E:\ → 次サイクルで再チェック
[2026-06-16 13:10:13] ラベル未確定: E:\ → 次サイクルで再チェック
[2026-06-16 13:10:16] ラベル未確定: E:\ → 次サイクルで再チェック
[2026-06-16 13:10:19] ラベル未確定: E:\ → 次サイクルで再チェック
[2026-06-16 13:10:22] ラベル未確定: E:\ → 次サイクルで再チェック
[2026-06-16 13:10:25] ラベル未確定: E:\ → 次サイクルで再チェック
[2026-06-16 13:10:28] ラベル未確定: E:\ → 次サイクルで再チェック
[2026-06-16 13:10:31] ラベル未確定: E:\ → 次サイクルで再チェック
[2026-06-16 13:10:34] ラベル未確定: E:\ → 次サイクルで再チェック
[2026-06-16 13:10:37] ラベル未確定: E:\ → 次サイクルで再チェック
[2026-06-16 13:10:40] ラベル未確定: E:\ → 次サイクルで再チェック
[2026-06-16 13:10:43] ラベル未確定: E:\ → 次サイクルで再チェック
[2026-06-16 13:10:46] ラベル未確定: E:\ → 次サイクルで再チェック
[2026-06-16 13:10:49] ラベル未確定: E:\ → 次サイクルで再チェック
[2026-06-16 13:10:52] ラベル未確定: E:\ → 次サイクルで再チェック
[2026-06-16 13:10:55] ラベル未確定: E:\ → 次サイクルで再チェック
[2026-06-16 13:10:58] ラベル未確定: E:\ → 次サイクルで再チェック
[2026-06-16 13:11:01] ラベル未確定: E:\ → 次サイクルで再チェック
[2026-06-16 13:11:04] ラベル未確定: E:\ → 次サイクルで再チェック
[2026-06-16 13:11:07] ラベル未確定: E:\ → 次サイクルで再チェック
[2026-06-16 14:33:46] 新ドライブ確定: E:\  label='Sony_4GM'  一致=False
[2026-06-16 14:37:13] ドライブ抜去: E:\
[2026-06-16 15:15:13] ラベル未確定: E:\ → 次サイクルで再チェック
[2026-06-16 15:15:16] ラベル未確定: E:\ → 次サイクルで再チェック
[2026-06-16 15:15:19] ラベル未確定: E:\ → 次サイクルで再チェック
[2026-06-16 15:15:22] ラベル未確定: E:\ → 次サイクルで再チェック
[2026-06-16 15:15:25] ラベル未確定: E:\ → 次サイクルで再チェック
[2026-06-16 15:15:28] ラベル未確定: E:\ → 次サイクルで再チェック
[2026-06-16 15:15:31] ラベル未確定: E:\ → 次サイクルで再チェック
[2026-06-16 15:15:34] ラベル未確定: E:\ → 次サイクルで再チェック
[2026-06-16 15:15:37] ラベル未確定: E:\ → 次サイクルで再チェック
[2026-06-16 15:15:40] ラベル未確定: E:\ → 次サイクルで再チェック
[2026-06-16 15:15:43] ラベル未確定: E:\ → 次サイクルで再チェック
[2026-06-16 15:15:46] ラベル未確定: E:\ → 次サイクルで再チェック
[2026-06-16 15:15:49] ラベル未確定: E:\ → 次サイクルで再チェック
[2026-06-16 15:15:52] ラベル未確定: E:\ → 次サイクルで再チェック
[2026-06-16 15:15:55] ラベル未確定: E:\ → 次サイクルで再チェック
[2026-06-16 15:15:58] ラベル未確定: E:\ → 次サイクルで再チェック
[2026-06-16 15:16:01] ラベル未確定: E:\ → 次サイクルで再チェック
[2026-06-16 15:16:04] ラベル未確定: E:\ → 次サイクルで再チェック
[2026-06-16 15:16:07] ラベル未確定: E:\ → 次サイクルで再チェック
[2026-06-16 15:16:10] ラベル未確定: E:\ → 次サイクルで再チェック
[2026-06-16 15:16:13] ラベル未確定: E:\ → 次サイクルで再チェック
[2026-06-16 15:16:16] ラベル未確定: E:\ → 次サイクルで再チェック
[2026-06-16 15:16:19] ラベル未確定: E:\ → 次サイクルで再チェック
[2026-06-16 15:16:22] ラベル未確定: E:\ → 次サイクルで再チェック
[2026-06-16 15:16:25] ラベル未確定: E:\ → 次サイクルで再チェック
[2026-06-16 15:16:28] ラベル未確定: E:\ → 次サイクルで再チェック
[2026-06-16 15:16:31] ラベル未確定: E:\ → 次サイクルで再チェック
[2026-06-16 15:16:34] ラベル未確定: E:\ → 次サイクルで再チェック
[2026-06-16 15:16:37] ラベル未確定: E:\ → 次サイクルで再チェック
[2026-06-16 15:16:40] ラベル未確定: E:\ → 次サイクルで再チェック
[2026-06-16 15:16:43] ラベル未確定: E:\ → 次サイクルで再チェック
[2026-06-16 15:16:46] ラベル未確定: E:\ → 次サイクルで再チェック
[2026-06-16 15:16:49] ラベル未確定: E:\ → 次サイクルで再チェック
[2026-06-16 15:16:52] ラベル未確定: E:\ → 次サイクルで再チェック
[2026-06-16 15:16:55] ラベル未確定: E:\ → 次サイクルで再チェック
[2026-06-16 15:16:58] ラベル未確定: E:\ → 次サイクルで再チェック
[2026-06-16 15:17:01] ラベル未確定: E:\ → 次サイクルで再チェック
[2026-06-16 15:17:04] ラベル未確定: E:\ → 次サイクルで再チェック
[2026-06-16 15:17:07] ラベル未確定: E:\ → 次サイクルで再チェック
